<?xml version='1.0' encoding='UTF-8'?>
<testsuite hostname="joels-MacBook-Pro.local" name="test" tests="2" errors="0" failures="1" time="-0.002">
                <properties>
[...]
</properties>
                <testcase classname="test" name="test 2 expected values are equal" time="-0.001"> 
                    </testcase><testcase classname="test" name="test 2 values are different and fail" time="-0.001"> <failure message="2 did not equal 3" type="org.scalatest.exceptions.TestFailedException">org.scalatest.exceptions.TestFailedException: 2 did not equal 3
	at org.scalatest.Assertions$class.newAssertionFailedException(Assertions.scala:318)
	at test.newAssertionFailedException(test.scala:7)
	at org.scalatest.Assertions$class.assert(Assertions.scala:401)
	at test.assert(test.scala:7)
	at test$$anonfun$2.apply$mcV$sp(test.scala:13)
	at test$$anonfun$2.apply(test.scala:13)
	at test$$anonfun$2.apply(test.scala:13)
	at org.scalatest.FunSuite$$anon$1.apply(FunSuite.scala:1265)
	at org.scalatest.Suite$class.withFixture(Suite.scala:1974)
	at test.withFixture(test.scala:7)
	at org.scalatest.FunSuite$class.invokeWithFixture$1(FunSuite.scala:1262)
	at org.scalatest.FunSuite$$anonfun$runTest$1.apply(FunSuite.scala:1271)
	at org.scalatest.FunSuite$$anonfun$runTest$1.apply(FunSuite.scala:1271)
	at org.scalatest.SuperEngine.runTestImpl(Engine.scala:198)
	at org.scalatest.FunSuite$class.runTest(FunSuite.scala:1271)
	at test.runTest(test.scala:7)
	at org.scalatest.FunSuite$$anonfun$runTests$1.apply(FunSuite.scala:1304)
	at org.scalatest.FunSuite$$anonfun$runTests$1.apply(FunSuite.scala:1304)
	at org.scalatest.SuperEngine$$anonfun$org$scalatest$SuperEngine$$runTestsInBranch$1.apply(Engine.scala:260)
	at org.scalatest.SuperEngine$$anonfun$org$scalatest$SuperEngine$$runTestsInBranch$1.apply(Engine.scala:249)
	at scala.collection.immutable.List.foreach(List.scala:318)
	at org.scalatest.SuperEngine.org$scalatest$SuperEngine$$runTestsInBranch(Engine.scala:249)
	at org.scalatest.SuperEngine.runTestsImpl(Engine.scala:326)
	at org.scalatest.FunSuite$class.runTests(FunSuite.scala:1304)
	at test.runTests(test.scala:7)
	at org.scalatest.Suite$class.run(Suite.scala:2303)
	at test.org$scalatest$FunSuite$$super$run(test.scala:7)
	at org.scalatest.FunSuite$$anonfun$run$1.apply(FunSuite.scala:1310)
	at org.scalatest.FunSuite$$anonfun$run$1.apply(FunSuite.scala:1310)
	at org.scalatest.SuperEngine.runImpl(Engine.scala:362)
	at org.scalatest.FunSuite$class.run(FunSuite.scala:1310)
	at test.run(test.scala:7)
	at org.scalatest.tools.ScalaTestFramework$ScalaTestRunner.run(ScalaTestFramework.scala:214)
	at sbt.RunnerWrapper$1.runRunner2(FrameworkWrapper.java:223)
	at sbt.RunnerWrapper$1.execute(FrameworkWrapper.java:236)
	at sbt.TestRunner.runTest$1(TestFramework.scala:84)
	at sbt.TestRunner.run(TestFramework.scala:94)
	at sbt.TestFramework$$anon$2$$anonfun$$init$$1$$anonfun$apply$8.apply(TestFramework.scala:219)
	at sbt.TestFramework$$anon$2$$anonfun$$init$$1$$anonfun$apply$8.apply(TestFramework.scala:219)
	at sbt.TestFramework$.sbt$TestFramework$$withContextLoader(TestFramework.scala:207)
	at sbt.TestFramework$$anon$2$$anonfun$$init$$1.apply(TestFramework.scala:219)
	at sbt.TestFramework$$anon$2$$anonfun$$init$$1.apply(TestFramework.scala:219)
	at sbt.TestFunction.apply(TestFramework.scala:224)
	at sbt.Tests$$anonfun$7.apply(Tests.scala:196)
	at sbt.Tests$$anonfun$7.apply(Tests.scala:196)
	at sbt.std.Transform$$anon$3$$anonfun$apply$2.apply(System.scala:45)
	at sbt.std.Transform$$anon$3$$anonfun$apply$2.apply(System.scala:45)
	at sbt.std.Transform$$anon$4.work(System.scala:64)
	at sbt.Execute$$anonfun$submit$1$$anonfun$apply$1.apply(Execute.scala:237)
	at sbt.Execute$$anonfun$submit$1$$anonfun$apply$1.apply(Execute.scala:237)
	at sbt.ErrorHandling$.wideConvert(ErrorHandling.scala:18)
	at sbt.Execute.work(Execute.scala:244)
	at sbt.Execute$$anonfun$submit$1.apply(Execute.scala:237)
	at sbt.Execute$$anonfun$submit$1.apply(Execute.scala:237)
	at sbt.ConcurrentRestrictions$$anon$4$$anonfun$1.apply(ConcurrentRestrictions.scala:160)
	at sbt.CompletionService$$anon$2.call(CompletionService.scala:30)
	at java.util.concurrent.FutureTask.run(FutureTask.java:262)
	at java.util.concurrent.Executors$RunnableAdapter.call(Executors.java:471)
	at java.util.concurrent.FutureTask.run(FutureTask.java:262)
	at java.util.concurrent.ThreadPoolExecutor.runWorker(ThreadPoolExecutor.java:1145)
	at java.util.concurrent.ThreadPoolExecutor$Worker.run(ThreadPoolExecutor.java:615)
	at java.lang.Thread.run(Thread.java:745)
</failure>
                    </testcase>
                <system-out></system-out>
                <system-err></system-err>
                </testsuite>